c:\users\gazda\desktop\freshproject\adb9d492-gr31-repo\projekt\interlocutor3000\interlocutor3000\debug\vc142.pdb
c:\users\gazda\desktop\freshproject\adb9d492-gr31-repo\projekt\interlocutor3000\interlocutor3000\debug\vc142.idb
c:\users\gazda\desktop\freshproject\adb9d492-gr31-repo\projekt\interlocutor3000\interlocutor3000\debug\speechballoon.obj
c:\users\gazda\desktop\freshproject\adb9d492-gr31-repo\projekt\interlocutor3000\interlocutor3000\debug\ui.obj
c:\users\gazda\desktop\freshproject\adb9d492-gr31-repo\projekt\interlocutor3000\interlocutor3000\debug\setupscreen.obj
c:\users\gazda\desktop\freshproject\adb9d492-gr31-repo\projekt\interlocutor3000\interlocutor3000\debug\settingscontainer.obj
c:\users\gazda\desktop\freshproject\adb9d492-gr31-repo\projekt\interlocutor3000\interlocutor3000\debug\question.obj
c:\users\gazda\desktop\freshproject\adb9d492-gr31-repo\projekt\interlocutor3000\interlocutor3000\debug\processtext.obj
c:\users\gazda\desktop\freshproject\adb9d492-gr31-repo\projekt\interlocutor3000\interlocutor3000\debug\porterstemmer.obj
c:\users\gazda\desktop\freshproject\adb9d492-gr31-repo\projekt\interlocutor3000\interlocutor3000\debug\mainscreen.obj
c:\users\gazda\desktop\freshproject\adb9d492-gr31-repo\projekt\interlocutor3000\interlocutor3000\debug\main.obj
c:\users\gazda\desktop\freshproject\adb9d492-gr31-repo\projekt\interlocutor3000\interlocutor3000\debug\dictionary.obj
c:\users\gazda\desktop\freshproject\adb9d492-gr31-repo\projekt\interlocutor3000\interlocutor3000\debug\convomanager.obj
c:\users\gazda\desktop\freshproject\adb9d492-gr31-repo\projekt\interlocutor3000\interlocutor3000\debug\conversationfield.obj
c:\users\gazda\desktop\freshproject\adb9d492-gr31-repo\projekt\interlocutor3000\interlocutor3000\debug\containtext.obj
c:\users\gazda\desktop\freshproject\adb9d492-gr31-repo\projekt\interlocutor3000\interlocutor3000\debug\chatscreen.obj
c:\users\gazda\desktop\freshproject\adb9d492-gr31-repo\projekt\interlocutor3000\interlocutor3000\debug\categorycreator.obj
c:\users\gazda\desktop\freshproject\adb9d492-gr31-repo\projekt\interlocutor3000\interlocutor3000\debug\category.obj
c:\users\gazda\desktop\freshproject\adb9d492-gr31-repo\projekt\interlocutor3000\interlocutor3000\debug\button.obj
c:\users\gazda\desktop\freshproject\adb9d492-gr31-repo\projekt\interlocutor3000\interlocutor3000\debug\bot.obj
c:\users\gazda\desktop\freshproject\adb9d492-gr31-repo\projekt\interlocutor3000\interlocutor3000\debug\beginscreen.obj
c:\users\gazda\desktop\freshproject\adb9d492-gr31-repo\projekt\interlocutor3000\interlocutor3000\debug\avatar.obj
c:\users\gazda\desktop\freshproject\adb9d492-gr31-repo\projekt\interlocutor3000\interlocutor3000\debug\screen.obj
c:\users\gazda\desktop\freshproject\adb9d492-gr31-repo\projekt\interlocutor3000\debug\interlocutor3000.exe
c:\users\gazda\desktop\freshproject\adb9d492-gr31-repo\projekt\interlocutor3000\debug\interlocutor3000.ilk
c:\users\gazda\desktop\freshproject\adb9d492-gr31-repo\projekt\interlocutor3000\debug\interlocutor3000.pdb
c:\users\gazda\desktop\freshproject\adb9d492-gr31-repo\projekt\interlocutor3000\interlocutor3000\debug\interlocutor3000.tlog\cl.command.1.tlog
c:\users\gazda\desktop\freshproject\adb9d492-gr31-repo\projekt\interlocutor3000\interlocutor3000\debug\interlocutor3000.tlog\cl.read.1.tlog
c:\users\gazda\desktop\freshproject\adb9d492-gr31-repo\projekt\interlocutor3000\interlocutor3000\debug\interlocutor3000.tlog\cl.write.1.tlog
c:\users\gazda\desktop\freshproject\adb9d492-gr31-repo\projekt\interlocutor3000\interlocutor3000\debug\interlocutor3000.tlog\link.command.1.tlog
c:\users\gazda\desktop\freshproject\adb9d492-gr31-repo\projekt\interlocutor3000\interlocutor3000\debug\interlocutor3000.tlog\link.read.1.tlog
c:\users\gazda\desktop\freshproject\adb9d492-gr31-repo\projekt\interlocutor3000\interlocutor3000\debug\interlocutor3000.tlog\link.write.1.tlog
