\BOOKMARK [0][-]{chapter.1}{\376\377\0001\000\040\000H\000i\000e\000r\000a\000r\000c\000h\000i\000c\000a\000l\000\040\000I\000n\000d\000e\000x}{}% 1
\BOOKMARK [1][-]{section.1.1}{\376\377\0001\000.\0001\000\040\000C\000l\000a\000s\000s\000\040\000H\000i\000e\000r\000a\000r\000c\000h\000y}{chapter.1}% 2
\BOOKMARK [0][-]{chapter.2}{\376\377\0002\000\040\000C\000l\000a\000s\000s\000\040\000I\000n\000d\000e\000x}{}% 3
\BOOKMARK [1][-]{section.2.1}{\376\377\0002\000.\0001\000\040\000C\000l\000a\000s\000s\000\040\000L\000i\000s\000t}{chapter.2}% 4
\BOOKMARK [0][-]{chapter.3}{\376\377\0003\000\040\000C\000l\000a\000s\000s\000\040\000D\000o\000c\000u\000m\000e\000n\000t\000a\000t\000i\000o\000n}{}% 5
\BOOKMARK [1][-]{section.3.1}{\376\377\0003\000.\0001\000\040\000A\000v\000a\000t\000a\000r\000\040\000C\000l\000a\000s\000s\000\040\000R\000e\000f\000e\000r\000e\000n\000c\000e}{chapter.3}% 6
\BOOKMARK [2][-]{subsection.3.1.1}{\376\377\0003\000.\0001\000.\0001\000\040\000D\000e\000t\000a\000i\000l\000e\000d\000\040\000D\000e\000s\000c\000r\000i\000p\000t\000i\000o\000n}{section.3.1}% 7
\BOOKMARK [2][-]{subsection.3.1.2}{\376\377\0003\000.\0001\000.\0002\000\040\000C\000o\000n\000s\000t\000r\000u\000c\000t\000o\000r\000\040\000\046\000\040\000D\000e\000s\000t\000r\000u\000c\000t\000o\000r\000\040\000D\000o\000c\000u\000m\000e\000n\000t\000a\000t\000i\000o\000n}{section.3.1}% 8
\BOOKMARK [3][-]{subsubsection.3.1.2.1}{\376\377\0003\000.\0001\000.\0002\000.\0001\000\040\000A\000v\000a\000t\000a\000r\000\050\000\051}{subsection.3.1.2}% 9
\BOOKMARK [2][-]{subsection.3.1.3}{\376\377\0003\000.\0001\000.\0003\000\040\000M\000e\000m\000b\000e\000r\000\040\000F\000u\000n\000c\000t\000i\000o\000n\000\040\000D\000o\000c\000u\000m\000e\000n\000t\000a\000t\000i\000o\000n}{section.3.1}% 10
\BOOKMARK [3][-]{subsubsection.3.1.3.1}{\376\377\0003\000.\0001\000.\0003\000.\0001\000\040\000d\000r\000a\000w\000\050\000\051}{subsection.3.1.3}% 11
\BOOKMARK [3][-]{subsubsection.3.1.3.2}{\376\377\0003\000.\0001\000.\0003\000.\0002\000\040\000s\000e\000t\000B\000a\000l\000l\000o\000o\000n\000\050\000\051}{subsection.3.1.3}% 12
\BOOKMARK [1][-]{section.3.2}{\376\377\0003\000.\0002\000\040\000A\000v\000a\000t\000a\000r\000I\000n\000i\000t\000i\000a\000l\000i\000z\000e\000r\000\040\000S\000t\000r\000u\000c\000t\000\040\000R\000e\000f\000e\000r\000e\000n\000c\000e}{chapter.3}% 13
\BOOKMARK [2][-]{subsection.3.2.1}{\376\377\0003\000.\0002\000.\0001\000\040\000D\000e\000t\000a\000i\000l\000e\000d\000\040\000D\000e\000s\000c\000r\000i\000p\000t\000i\000o\000n}{section.3.2}% 14
\BOOKMARK [1][-]{section.3.3}{\376\377\0003\000.\0003\000\040\000B\000e\000g\000i\000n\000S\000c\000r\000e\000e\000n\000\040\000C\000l\000a\000s\000s\000\040\000R\000e\000f\000e\000r\000e\000n\000c\000e}{chapter.3}% 15
\BOOKMARK [2][-]{subsection.3.3.1}{\376\377\0003\000.\0003\000.\0001\000\040\000D\000e\000t\000a\000i\000l\000e\000d\000\040\000D\000e\000s\000c\000r\000i\000p\000t\000i\000o\000n}{section.3.3}% 16
\BOOKMARK [2][-]{subsection.3.3.2}{\376\377\0003\000.\0003\000.\0002\000\040\000C\000o\000n\000s\000t\000r\000u\000c\000t\000o\000r\000\040\000\046\000\040\000D\000e\000s\000t\000r\000u\000c\000t\000o\000r\000\040\000D\000o\000c\000u\000m\000e\000n\000t\000a\000t\000i\000o\000n}{section.3.3}% 17
\BOOKMARK [3][-]{subsubsection.3.3.2.1}{\376\377\0003\000.\0003\000.\0002\000.\0001\000\040\000B\000e\000g\000i\000n\000S\000c\000r\000e\000e\000n\000\050\000\051}{subsection.3.3.2}% 18
\BOOKMARK [2][-]{subsection.3.3.3}{\376\377\0003\000.\0003\000.\0003\000\040\000M\000e\000m\000b\000e\000r\000\040\000F\000u\000n\000c\000t\000i\000o\000n\000\040\000D\000o\000c\000u\000m\000e\000n\000t\000a\000t\000i\000o\000n}{section.3.3}% 19
\BOOKMARK [3][-]{subsubsection.3.3.3.1}{\376\377\0003\000.\0003\000.\0003\000.\0001\000\040\000d\000r\000a\000w\000\050\000\051}{subsection.3.3.3}% 20
\BOOKMARK [3][-]{subsubsection.3.3.3.2}{\376\377\0003\000.\0003\000.\0003\000.\0002\000\040\000m\000a\000n\000a\000g\000e\000K\000e\000y\000b\000o\000a\000r\000d\000\050\000\051}{subsection.3.3.3}% 21
\BOOKMARK [3][-]{subsubsection.3.3.3.3}{\376\377\0003\000.\0003\000.\0003\000.\0003\000\040\000m\000a\000n\000a\000g\000e\000M\000o\000u\000s\000e\000\050\000\051}{subsection.3.3.3}% 22
\BOOKMARK [3][-]{subsubsection.3.3.3.4}{\376\377\0003\000.\0003\000.\0003\000.\0004\000\040\000m\000a\000n\000a\000g\000e\000S\000c\000r\000o\000l\000l\000\050\000\051}{subsection.3.3.3}% 23
\BOOKMARK [1][-]{section.3.4}{\376\377\0003\000.\0004\000\040\000B\000o\000t\000\040\000C\000l\000a\000s\000s\000\040\000R\000e\000f\000e\000r\000e\000n\000c\000e}{chapter.3}% 24
\BOOKMARK [2][-]{subsection.3.4.1}{\376\377\0003\000.\0004\000.\0001\000\040\000D\000e\000t\000a\000i\000l\000e\000d\000\040\000D\000e\000s\000c\000r\000i\000p\000t\000i\000o\000n}{section.3.4}% 25
\BOOKMARK [2][-]{subsection.3.4.2}{\376\377\0003\000.\0004\000.\0002\000\040\000M\000e\000m\000b\000e\000r\000\040\000F\000u\000n\000c\000t\000i\000o\000n\000\040\000D\000o\000c\000u\000m\000e\000n\000t\000a\000t\000i\000o\000n}{section.3.4}% 26
\BOOKMARK [3][-]{subsubsection.3.4.2.1}{\376\377\0003\000.\0004\000.\0002\000.\0001\000\040\000a\000d\000d\000T\000o\000B\000a\000s\000e\000\050\000\051}{subsection.3.4.2}% 27
\BOOKMARK [3][-]{subsubsection.3.4.2.2}{\376\377\0003\000.\0004\000.\0002\000.\0002\000\040\000f\000i\000n\000d\000C\000l\000a\000s\000s\000I\000n\000B\000a\000s\000e\000\050\000\051}{subsection.3.4.2}% 28
\BOOKMARK [3][-]{subsubsection.3.4.2.3}{\376\377\0003\000.\0004\000.\0002\000.\0003\000\040\000g\000e\000t\000R\000e\000s\000p\000o\000n\000s\000e\000\050\000\051}{subsection.3.4.2}% 29
\BOOKMARK [3][-]{subsubsection.3.4.2.4}{\376\377\0003\000.\0004\000.\0002\000.\0004\000\040\000r\000e\000s\000p\000o\000n\000d\000\050\000\051}{subsection.3.4.2}% 30
\BOOKMARK [1][-]{section.3.5}{\376\377\0003\000.\0005\000\040\000B\000u\000t\000t\000o\000n\000\040\000C\000l\000a\000s\000s\000\040\000R\000e\000f\000e\000r\000e\000n\000c\000e}{chapter.3}% 31
\BOOKMARK [2][-]{subsection.3.5.1}{\376\377\0003\000.\0005\000.\0001\000\040\000D\000e\000t\000a\000i\000l\000e\000d\000\040\000D\000e\000s\000c\000r\000i\000p\000t\000i\000o\000n}{section.3.5}% 32
\BOOKMARK [2][-]{subsection.3.5.2}{\376\377\0003\000.\0005\000.\0002\000\040\000C\000o\000n\000s\000t\000r\000u\000c\000t\000o\000r\000\040\000\046\000\040\000D\000e\000s\000t\000r\000u\000c\000t\000o\000r\000\040\000D\000o\000c\000u\000m\000e\000n\000t\000a\000t\000i\000o\000n}{section.3.5}% 33
\BOOKMARK [3][-]{subsubsection.3.5.2.1}{\376\377\0003\000.\0005\000.\0002\000.\0001\000\040\000B\000u\000t\000t\000o\000n\000\050\000\051}{subsection.3.5.2}% 34
\BOOKMARK [2][-]{subsection.3.5.3}{\376\377\0003\000.\0005\000.\0003\000\040\000M\000e\000m\000b\000e\000r\000\040\000F\000u\000n\000c\000t\000i\000o\000n\000\040\000D\000o\000c\000u\000m\000e\000n\000t\000a\000t\000i\000o\000n}{section.3.5}% 35
\BOOKMARK [3][-]{subsubsection.3.5.3.1}{\376\377\0003\000.\0005\000.\0003\000.\0001\000\040\000s\000f\000:\000:\000D\000r\000a\000w\000a\000b\000l\000e\000:\000:\000d\000r\000a\000w\000\050\000\051}{subsection.3.5.3}% 36
\BOOKMARK [1][-]{section.3.6}{\376\377\0003\000.\0006\000\040\000B\000u\000t\000t\000o\000n\000I\000n\000i\000t\000i\000a\000l\000i\000z\000e\000r\000\040\000S\000t\000r\000u\000c\000t\000\040\000R\000e\000f\000e\000r\000e\000n\000c\000e}{chapter.3}% 37
\BOOKMARK [2][-]{subsection.3.6.1}{\376\377\0003\000.\0006\000.\0001\000\040\000D\000e\000t\000a\000i\000l\000e\000d\000\040\000D\000e\000s\000c\000r\000i\000p\000t\000i\000o\000n}{section.3.6}% 38
\BOOKMARK [1][-]{section.3.7}{\376\377\0003\000.\0007\000\040\000C\000a\000t\000e\000g\000o\000r\000y\000\040\000C\000l\000a\000s\000s\000\040\000R\000e\000f\000e\000r\000e\000n\000c\000e}{chapter.3}% 39
\BOOKMARK [2][-]{subsection.3.7.1}{\376\377\0003\000.\0007\000.\0001\000\040\000D\000e\000t\000a\000i\000l\000e\000d\000\040\000D\000e\000s\000c\000r\000i\000p\000t\000i\000o\000n}{section.3.7}% 40
\BOOKMARK [2][-]{subsection.3.7.2}{\376\377\0003\000.\0007\000.\0002\000\040\000C\000o\000n\000s\000t\000r\000u\000c\000t\000o\000r\000\040\000\046\000\040\000D\000e\000s\000t\000r\000u\000c\000t\000o\000r\000\040\000D\000o\000c\000u\000m\000e\000n\000t\000a\000t\000i\000o\000n}{section.3.7}% 41
\BOOKMARK [3][-]{subsubsection.3.7.2.1}{\376\377\0003\000.\0007\000.\0002\000.\0001\000\040\000C\000a\000t\000e\000g\000o\000r\000y\000\050\000\051}{subsection.3.7.2}% 42
\BOOKMARK [2][-]{subsection.3.7.3}{\376\377\0003\000.\0007\000.\0003\000\040\000M\000e\000m\000b\000e\000r\000\040\000F\000u\000n\000c\000t\000i\000o\000n\000\040\000D\000o\000c\000u\000m\000e\000n\000t\000a\000t\000i\000o\000n}{section.3.7}% 43
\BOOKMARK [3][-]{subsubsection.3.7.3.1}{\376\377\0003\000.\0007\000.\0003\000.\0001\000\040\000g\000e\000t\000O\000c\000c\000u\000r\000e\000n\000c\000e\000s\000\050\000\051}{subsection.3.7.3}% 44
\BOOKMARK [3][-]{subsubsection.3.7.3.2}{\376\377\0003\000.\0007\000.\0003\000.\0002\000\040\000s\000a\000y\000R\000e\000s\000p\000o\000n\000s\000e\000\050\000\051}{subsection.3.7.3}% 45
\BOOKMARK [1][-]{section.3.8}{\376\377\0003\000.\0008\000\040\000C\000a\000t\000e\000g\000o\000r\000y\000C\000r\000e\000a\000t\000o\000r\000\040\000C\000l\000a\000s\000s\000\040\000R\000e\000f\000e\000r\000e\000n\000c\000e}{chapter.3}% 46
\BOOKMARK [2][-]{subsection.3.8.1}{\376\377\0003\000.\0008\000.\0001\000\040\000D\000e\000t\000a\000i\000l\000e\000d\000\040\000D\000e\000s\000c\000r\000i\000p\000t\000i\000o\000n}{section.3.8}% 47
\BOOKMARK [2][-]{subsection.3.8.2}{\376\377\0003\000.\0008\000.\0002\000\040\000M\000e\000m\000b\000e\000r\000\040\000F\000u\000n\000c\000t\000i\000o\000n\000\040\000D\000o\000c\000u\000m\000e\000n\000t\000a\000t\000i\000o\000n}{section.3.8}% 48
\BOOKMARK [3][-]{subsubsection.3.8.2.1}{\376\377\0003\000.\0008\000.\0002\000.\0001\000\040\000c\000o\000u\000n\000t\000W\000o\000r\000d\000s\000\050\000\051}{subsection.3.8.2}% 49
\BOOKMARK [3][-]{subsubsection.3.8.2.2}{\376\377\0003\000.\0008\000.\0002\000.\0002\000\040\000i\000n\000V\000e\000c\000t\000o\000r\000S\000t\000r\000i\000n\000g\000\050\000\051}{subsection.3.8.2}% 50
\BOOKMARK [3][-]{subsubsection.3.8.2.3}{\376\377\0003\000.\0008\000.\0002\000.\0003\000\040\000r\000e\000a\000d\000F\000i\000l\000e\000\050\000\051}{subsection.3.8.2}% 51
\BOOKMARK [1][-]{section.3.9}{\376\377\0003\000.\0009\000\040\000C\000h\000a\000t\000S\000c\000r\000e\000e\000n\000\040\000C\000l\000a\000s\000s\000\040\000R\000e\000f\000e\000r\000e\000n\000c\000e}{chapter.3}% 52
\BOOKMARK [2][-]{subsection.3.9.1}{\376\377\0003\000.\0009\000.\0001\000\040\000D\000e\000t\000a\000i\000l\000e\000d\000\040\000D\000e\000s\000c\000r\000i\000p\000t\000i\000o\000n}{section.3.9}% 53
\BOOKMARK [2][-]{subsection.3.9.2}{\376\377\0003\000.\0009\000.\0002\000\040\000C\000o\000n\000s\000t\000r\000u\000c\000t\000o\000r\000\040\000\046\000\040\000D\000e\000s\000t\000r\000u\000c\000t\000o\000r\000\040\000D\000o\000c\000u\000m\000e\000n\000t\000a\000t\000i\000o\000n}{section.3.9}% 54
\BOOKMARK [3][-]{subsubsection.3.9.2.1}{\376\377\0003\000.\0009\000.\0002\000.\0001\000\040\000C\000h\000a\000t\000S\000c\000r\000e\000e\000n\000\050\000\051}{subsection.3.9.2}% 55
\BOOKMARK [2][-]{subsection.3.9.3}{\376\377\0003\000.\0009\000.\0003\000\040\000M\000e\000m\000b\000e\000r\000\040\000F\000u\000n\000c\000t\000i\000o\000n\000\040\000D\000o\000c\000u\000m\000e\000n\000t\000a\000t\000i\000o\000n}{section.3.9}% 56
\BOOKMARK [3][-]{subsubsection.3.9.3.1}{\376\377\0003\000.\0009\000.\0003\000.\0001\000\040\000d\000r\000a\000w\000\050\000\051}{subsection.3.9.3}% 57
\BOOKMARK [3][-]{subsubsection.3.9.3.2}{\376\377\0003\000.\0009\000.\0003\000.\0002\000\040\000g\000e\000t\000I\000n\000s\000t\000a\000n\000c\000e\000\050\000\051}{subsection.3.9.3}% 58
\BOOKMARK [3][-]{subsubsection.3.9.3.3}{\376\377\0003\000.\0009\000.\0003\000.\0003\000\040\000m\000a\000n\000a\000g\000e\000K\000e\000y\000b\000o\000a\000r\000d\000\050\000\051}{subsection.3.9.3}% 59
\BOOKMARK [3][-]{subsubsection.3.9.3.4}{\376\377\0003\000.\0009\000.\0003\000.\0004\000\040\000m\000a\000n\000a\000g\000e\000M\000o\000u\000s\000e\000\050\000\051}{subsection.3.9.3}% 60
\BOOKMARK [3][-]{subsubsection.3.9.3.5}{\376\377\0003\000.\0009\000.\0003\000.\0005\000\040\000m\000a\000n\000a\000g\000e\000S\000c\000r\000o\000l\000l\000\050\000\051}{subsection.3.9.3}% 61
\BOOKMARK [3][-]{subsubsection.3.9.3.6}{\376\377\0003\000.\0009\000.\0003\000.\0006\000\040\000s\000e\000n\000d\000M\000e\000s\000s\000a\000g\000e\000\050\000\051}{subsection.3.9.3}% 62
\BOOKMARK [3][-]{subsubsection.3.9.3.7}{\376\377\0003\000.\0009\000.\0003\000.\0007\000\040\000s\000e\000t\000S\000e\000s\000s\000i\000o\000n\000\050\000\051}{subsection.3.9.3}% 63
\BOOKMARK [1][-]{section.3.10}{\376\377\0003\000.\0001\0000\000\040\000C\000o\000n\000t\000a\000i\000n\000T\000e\000x\000t\000\040\000C\000l\000a\000s\000s\000\040\000R\000e\000f\000e\000r\000e\000n\000c\000e}{chapter.3}% 64
\BOOKMARK [2][-]{subsection.3.10.1}{\376\377\0003\000.\0001\0000\000.\0001\000\040\000D\000e\000t\000a\000i\000l\000e\000d\000\040\000D\000e\000s\000c\000r\000i\000p\000t\000i\000o\000n}{section.3.10}% 65
\BOOKMARK [2][-]{subsection.3.10.2}{\376\377\0003\000.\0001\0000\000.\0002\000\040\000M\000e\000m\000b\000e\000r\000\040\000F\000u\000n\000c\000t\000i\000o\000n\000\040\000D\000o\000c\000u\000m\000e\000n\000t\000a\000t\000i\000o\000n}{section.3.10}% 66
\BOOKMARK [3][-]{subsubsection.3.10.2.1}{\376\377\0003\000.\0001\0000\000.\0002\000.\0001\000\040\000a\000d\000d\000T\000e\000x\000t\000I\000n\000R\000a\000n\000g\000e\000\050\000\051}{subsection.3.10.2}% 67
\BOOKMARK [3][-]{subsubsection.3.10.2.2}{\376\377\0003\000.\0001\0000\000.\0002\000.\0002\000\040\000a\000d\000j\000u\000s\000t\000T\000e\000x\000t\000\050\000\051}{subsection.3.10.2}% 68
\BOOKMARK [3][-]{subsubsection.3.10.2.3}{\376\377\0003\000.\0001\0000\000.\0002\000.\0003\000\040\000c\000h\000e\000c\000k\000I\000f\000E\000n\000t\000e\000r\000e\000d\000\050\000\051}{subsection.3.10.2}% 69
\BOOKMARK [3][-]{subsubsection.3.10.2.4}{\376\377\0003\000.\0001\0000\000.\0002\000.\0004\000\040\000g\000e\000t\000M\000y\000S\000t\000r\000i\000n\000g\000\050\000\051}{subsection.3.10.2}% 70
\BOOKMARK [3][-]{subsubsection.3.10.2.5}{\376\377\0003\000.\0001\0000\000.\0002\000.\0005\000\040\000m\000o\000d\000i\000f\000y\000T\000e\000x\000t\000\050\000\051}{subsection.3.10.2}% 71
\BOOKMARK [3][-]{subsubsection.3.10.2.6}{\376\377\0003\000.\0001\0000\000.\0002\000.\0006\000\040\000s\000e\000t\000T\000e\000x\000t\000\050\000\051}{subsection.3.10.2}% 72
\BOOKMARK [1][-]{section.3.11}{\376\377\0003\000.\0001\0001\000\040\000C\000o\000n\000v\000e\000r\000s\000a\000t\000i\000o\000n\000F\000i\000e\000l\000d\000\040\000C\000l\000a\000s\000s\000\040\000R\000e\000f\000e\000r\000e\000n\000c\000e}{chapter.3}% 73
\BOOKMARK [2][-]{subsection.3.11.1}{\376\377\0003\000.\0001\0001\000.\0001\000\040\000D\000e\000t\000a\000i\000l\000e\000d\000\040\000D\000e\000s\000c\000r\000i\000p\000t\000i\000o\000n}{section.3.11}% 74
\BOOKMARK [2][-]{subsection.3.11.2}{\376\377\0003\000.\0001\0001\000.\0002\000\040\000C\000o\000n\000s\000t\000r\000u\000c\000t\000o\000r\000\040\000\046\000\040\000D\000e\000s\000t\000r\000u\000c\000t\000o\000r\000\040\000D\000o\000c\000u\000m\000e\000n\000t\000a\000t\000i\000o\000n}{section.3.11}% 75
\BOOKMARK [3][-]{subsubsection.3.11.2.1}{\376\377\0003\000.\0001\0001\000.\0002\000.\0001\000\040\000C\000o\000n\000v\000e\000r\000s\000a\000t\000i\000o\000n\000F\000i\000e\000l\000d\000\050\000\051}{subsection.3.11.2}% 76
\BOOKMARK [2][-]{subsection.3.11.3}{\376\377\0003\000.\0001\0001\000.\0003\000\040\000M\000e\000m\000b\000e\000r\000\040\000F\000u\000n\000c\000t\000i\000o\000n\000\040\000D\000o\000c\000u\000m\000e\000n\000t\000a\000t\000i\000o\000n}{section.3.11}% 77
\BOOKMARK [3][-]{subsubsection.3.11.3.1}{\376\377\0003\000.\0001\0001\000.\0003\000.\0001\000\040\000d\000r\000a\000w\000F\000i\000e\000l\000d\000\050\000\051}{subsection.3.11.3}% 78
\BOOKMARK [3][-]{subsubsection.3.11.3.2}{\376\377\0003\000.\0001\0001\000.\0003\000.\0002\000\040\000g\000e\000t\000A\000v\000a\000t\000a\000r\000C\000o\000o\000r\000d\000s\000\050\000\051}{subsection.3.11.3}% 79
\BOOKMARK [3][-]{subsubsection.3.11.3.3}{\376\377\0003\000.\0001\0001\000.\0003\000.\0003\000\040\000s\000c\000r\000o\000l\000l\000V\000i\000e\000w\000\050\000\051}{subsection.3.11.3}% 80
\BOOKMARK [3][-]{subsubsection.3.11.3.4}{\376\377\0003\000.\0001\0001\000.\0003\000.\0004\000\040\000s\000e\000t\000B\000o\000t\000A\000v\000a\000t\000a\000r\000\050\000\051}{subsection.3.11.3}% 81
\BOOKMARK [3][-]{subsubsection.3.11.3.5}{\376\377\0003\000.\0001\0001\000.\0003\000.\0005\000\040\000s\000e\000t\000U\000s\000e\000r\000A\000v\000a\000t\000a\000r\000\050\000\051}{subsection.3.11.3}% 82
\BOOKMARK [1][-]{section.3.12}{\376\377\0003\000.\0001\0002\000\040\000C\000o\000n\000v\000o\000M\000a\000n\000a\000g\000e\000r\000\040\000C\000l\000a\000s\000s\000\040\000R\000e\000f\000e\000r\000e\000n\000c\000e}{chapter.3}% 83
\BOOKMARK [2][-]{subsection.3.12.1}{\376\377\0003\000.\0001\0002\000.\0001\000\040\000D\000e\000t\000a\000i\000l\000e\000d\000\040\000D\000e\000s\000c\000r\000i\000p\000t\000i\000o\000n}{section.3.12}% 84
\BOOKMARK [2][-]{subsection.3.12.2}{\376\377\0003\000.\0001\0002\000.\0002\000\040\000M\000e\000m\000b\000e\000r\000\040\000F\000u\000n\000c\000t\000i\000o\000n\000\040\000D\000o\000c\000u\000m\000e\000n\000t\000a\000t\000i\000o\000n}{section.3.12}% 85
\BOOKMARK [3][-]{subsubsection.3.12.2.1}{\376\377\0003\000.\0001\0002\000.\0002\000.\0001\000\040\000g\000e\000t\000S\000e\000s\000s\000i\000o\000n\000\050\000\051}{subsection.3.12.2}% 86
\BOOKMARK [3][-]{subsubsection.3.12.2.2}{\376\377\0003\000.\0001\0002\000.\0002\000.\0002\000\040\000i\000s\000P\000r\000e\000v\000i\000o\000u\000s\000\050\000\051}{subsection.3.12.2}% 87
\BOOKMARK [3][-]{subsubsection.3.12.2.3}{\376\377\0003\000.\0001\0002\000.\0002\000.\0003\000\040\000s\000e\000n\000d\000M\000e\000s\000s\000a\000g\000e\000\050\000\051}{subsection.3.12.2}% 88
\BOOKMARK [3][-]{subsubsection.3.12.2.4}{\376\377\0003\000.\0001\0002\000.\0002\000.\0004\000\040\000s\000e\000t\000P\000r\000e\000v\000i\000o\000u\000s\000\050\000\051}{subsection.3.12.2}% 89
\BOOKMARK [3][-]{subsubsection.3.12.2.5}{\376\377\0003\000.\0001\0002\000.\0002\000.\0005\000\040\000s\000e\000t\000S\000e\000s\000s\000i\000o\000n\000C\000o\000n\000t\000e\000n\000t\000\050\000\051}{subsection.3.12.2}% 90
\BOOKMARK [3][-]{subsubsection.3.12.2.6}{\376\377\0003\000.\0001\0002\000.\0002\000.\0006\000\040\000t\000r\000a\000i\000n\000B\000o\000t\000\050\000\051}{subsection.3.12.2}% 91
\BOOKMARK [1][-]{section.3.13}{\376\377\0003\000.\0001\0003\000\040\000D\000i\000c\000t\000i\000o\000n\000a\000r\000y\000\040\000C\000l\000a\000s\000s\000\040\000R\000e\000f\000e\000r\000e\000n\000c\000e}{chapter.3}% 92
\BOOKMARK [2][-]{subsection.3.13.1}{\376\377\0003\000.\0001\0003\000.\0001\000\040\000D\000e\000t\000a\000i\000l\000e\000d\000\040\000D\000e\000s\000c\000r\000i\000p\000t\000i\000o\000n}{section.3.13}% 93
\BOOKMARK [2][-]{subsection.3.13.2}{\376\377\0003\000.\0001\0003\000.\0002\000\040\000C\000o\000n\000s\000t\000r\000u\000c\000t\000o\000r\000\040\000\046\000\040\000D\000e\000s\000t\000r\000u\000c\000t\000o\000r\000\040\000D\000o\000c\000u\000m\000e\000n\000t\000a\000t\000i\000o\000n}{section.3.13}% 94
\BOOKMARK [3][-]{subsubsection.3.13.2.1}{\376\377\0003\000.\0001\0003\000.\0002\000.\0001\000\040\000D\000i\000c\000t\000i\000o\000n\000a\000r\000y\000\050\000\051}{subsection.3.13.2}% 95
\BOOKMARK [2][-]{subsection.3.13.3}{\376\377\0003\000.\0001\0003\000.\0003\000\040\000M\000e\000m\000b\000e\000r\000\040\000F\000u\000n\000c\000t\000i\000o\000n\000\040\000D\000o\000c\000u\000m\000e\000n\000t\000a\000t\000i\000o\000n}{section.3.13}% 96
\BOOKMARK [3][-]{subsubsection.3.13.3.1}{\376\377\0003\000.\0001\0003\000.\0003\000.\0001\000\040\000a\000d\000d\000T\000o\000D\000i\000c\000t\000\050\000\051}{subsection.3.13.3}% 97
\BOOKMARK [3][-]{subsubsection.3.13.3.2}{\376\377\0003\000.\0001\0003\000.\0003\000.\0002\000\040\000i\000n\000D\000i\000c\000t\000\050\000\051}{subsection.3.13.3}% 98
\BOOKMARK [1][-]{section.3.14}{\376\377\0003\000.\0001\0004\000\040\000F\000i\000e\000l\000d\000I\000n\000i\000t\000i\000a\000l\000i\000z\000e\000r\000\040\000S\000t\000r\000u\000c\000t\000\040\000R\000e\000f\000e\000r\000e\000n\000c\000e}{chapter.3}% 99
\BOOKMARK [2][-]{subsection.3.14.1}{\376\377\0003\000.\0001\0004\000.\0001\000\040\000D\000e\000t\000a\000i\000l\000e\000d\000\040\000D\000e\000s\000c\000r\000i\000p\000t\000i\000o\000n}{section.3.14}% 100
\BOOKMARK [1][-]{section.3.15}{\376\377\0003\000.\0001\0005\000\040\000I\000n\000t\000e\000r\000a\000c\000t\000a\000b\000l\000e\000M\000o\000u\000s\000e\000\040\000C\000l\000a\000s\000s\000\040\000R\000e\000f\000e\000r\000e\000n\000c\000e}{chapter.3}% 101
\BOOKMARK [1][-]{section.3.16}{\376\377\0003\000.\0001\0006\000\040\000M\000a\000i\000n\000S\000c\000r\000e\000e\000n\000\040\000C\000l\000a\000s\000s\000\040\000R\000e\000f\000e\000r\000e\000n\000c\000e}{chapter.3}% 102
\BOOKMARK [2][-]{subsection.3.16.1}{\376\377\0003\000.\0001\0006\000.\0001\000\040\000D\000e\000t\000a\000i\000l\000e\000d\000\040\000D\000e\000s\000c\000r\000i\000p\000t\000i\000o\000n}{section.3.16}% 103
\BOOKMARK [2][-]{subsection.3.16.2}{\376\377\0003\000.\0001\0006\000.\0002\000\040\000C\000o\000n\000s\000t\000r\000u\000c\000t\000o\000r\000\040\000\046\000\040\000D\000e\000s\000t\000r\000u\000c\000t\000o\000r\000\040\000D\000o\000c\000u\000m\000e\000n\000t\000a\000t\000i\000o\000n}{section.3.16}% 104
\BOOKMARK [3][-]{subsubsection.3.16.2.1}{\376\377\0003\000.\0001\0006\000.\0002\000.\0001\000\040\000M\000a\000i\000n\000S\000c\000r\000e\000e\000n\000\050\000\051}{subsection.3.16.2}% 105
\BOOKMARK [2][-]{subsection.3.16.3}{\376\377\0003\000.\0001\0006\000.\0003\000\040\000M\000e\000m\000b\000e\000r\000\040\000F\000u\000n\000c\000t\000i\000o\000n\000\040\000D\000o\000c\000u\000m\000e\000n\000t\000a\000t\000i\000o\000n}{section.3.16}% 106
\BOOKMARK [3][-]{subsubsection.3.16.3.1}{\376\377\0003\000.\0001\0006\000.\0003\000.\0001\000\040\000d\000r\000a\000w\000\050\000\051}{subsection.3.16.3}% 107
\BOOKMARK [3][-]{subsubsection.3.16.3.2}{\376\377\0003\000.\0001\0006\000.\0003\000.\0002\000\040\000g\000e\000t\000I\000n\000s\000t\000a\000n\000c\000e\000\050\000\051}{subsection.3.16.3}% 108
\BOOKMARK [3][-]{subsubsection.3.16.3.3}{\376\377\0003\000.\0001\0006\000.\0003\000.\0003\000\040\000m\000a\000n\000a\000g\000e\000K\000e\000y\000b\000o\000a\000r\000d\000\050\000\051}{subsection.3.16.3}% 109
\BOOKMARK [3][-]{subsubsection.3.16.3.4}{\376\377\0003\000.\0001\0006\000.\0003\000.\0004\000\040\000m\000a\000n\000a\000g\000e\000M\000o\000u\000s\000e\000\050\000\051}{subsection.3.16.3}% 110
\BOOKMARK [3][-]{subsubsection.3.16.3.5}{\376\377\0003\000.\0001\0006\000.\0003\000.\0005\000\040\000m\000a\000n\000a\000g\000e\000S\000c\000r\000o\000l\000l\000\050\000\051}{subsection.3.16.3}% 111
\BOOKMARK [1][-]{section.3.17}{\376\377\0003\000.\0001\0007\000\040\000P\000o\000r\000t\000e\000r\000S\000t\000e\000m\000m\000e\000r\000\040\000C\000l\000a\000s\000s\000\040\000R\000e\000f\000e\000r\000e\000n\000c\000e}{chapter.3}% 112
\BOOKMARK [2][-]{subsection.3.17.1}{\376\377\0003\000.\0001\0007\000.\0001\000\040\000D\000e\000t\000a\000i\000l\000e\000d\000\040\000D\000e\000s\000c\000r\000i\000p\000t\000i\000o\000n}{section.3.17}% 113
\BOOKMARK [2][-]{subsection.3.17.2}{\376\377\0003\000.\0001\0007\000.\0002\000\040\000M\000e\000m\000b\000e\000r\000\040\000F\000u\000n\000c\000t\000i\000o\000n\000\040\000D\000o\000c\000u\000m\000e\000n\000t\000a\000t\000i\000o\000n}{section.3.17}% 114
\BOOKMARK [3][-]{subsubsection.3.17.2.1}{\376\377\0003\000.\0001\0007\000.\0002\000.\0001\000\040\000e\000r\000a\000s\000e\000L\000a\000s\000t\000\050\000\051}{subsection.3.17.2}% 115
\BOOKMARK [3][-]{subsubsection.3.17.2.2}{\376\377\0003\000.\0001\0007\000.\0002\000.\0002\000\040\000s\000t\000e\000m\000\050\000\051}{subsection.3.17.2}% 116
\BOOKMARK [1][-]{section.3.18}{\376\377\0003\000.\0001\0008\000\040\000P\000r\000o\000c\000e\000s\000s\000T\000e\000x\000t\000\040\000C\000l\000a\000s\000s\000\040\000R\000e\000f\000e\000r\000e\000n\000c\000e}{chapter.3}% 117
\BOOKMARK [2][-]{subsection.3.18.1}{\376\377\0003\000.\0001\0008\000.\0001\000\040\000D\000e\000t\000a\000i\000l\000e\000d\000\040\000D\000e\000s\000c\000r\000i\000p\000t\000i\000o\000n}{section.3.18}% 118
\BOOKMARK [2][-]{subsection.3.18.2}{\376\377\0003\000.\0001\0008\000.\0002\000\040\000M\000e\000m\000b\000e\000r\000\040\000F\000u\000n\000c\000t\000i\000o\000n\000\040\000D\000o\000c\000u\000m\000e\000n\000t\000a\000t\000i\000o\000n}{section.3.18}% 119
\BOOKMARK [3][-]{subsubsection.3.18.2.1}{\376\377\0003\000.\0001\0008\000.\0002\000.\0001\000\040\000s\000t\000e\000m\000\050\000\051}{subsection.3.18.2}% 120
\BOOKMARK [3][-]{subsubsection.3.18.2.2}{\376\377\0003\000.\0001\0008\000.\0002\000.\0002\000\040\000t\000e\000s\000t\000S\000t\000r\000i\000n\000g\000\050\000\051}{subsection.3.18.2}% 121
\BOOKMARK [3][-]{subsubsection.3.18.2.3}{\376\377\0003\000.\0001\0008\000.\0002\000.\0003\000\040\000t\000o\000k\000e\000n\000i\000z\000e\000\050\000\051}{subsection.3.18.2}% 122
\BOOKMARK [1][-]{section.3.19}{\376\377\0003\000.\0001\0009\000\040\000Q\000u\000e\000s\000t\000i\000o\000n\000\040\000C\000l\000a\000s\000s\000\040\000R\000e\000f\000e\000r\000e\000n\000c\000e}{chapter.3}% 123
\BOOKMARK [2][-]{subsection.3.19.1}{\376\377\0003\000.\0001\0009\000.\0001\000\040\000D\000e\000t\000a\000i\000l\000e\000d\000\040\000D\000e\000s\000c\000r\000i\000p\000t\000i\000o\000n}{section.3.19}% 124
\BOOKMARK [2][-]{subsection.3.19.2}{\376\377\0003\000.\0001\0009\000.\0002\000\040\000C\000o\000n\000s\000t\000r\000u\000c\000t\000o\000r\000\040\000\046\000\040\000D\000e\000s\000t\000r\000u\000c\000t\000o\000r\000\040\000D\000o\000c\000u\000m\000e\000n\000t\000a\000t\000i\000o\000n}{section.3.19}% 125
\BOOKMARK [3][-]{subsubsection.3.19.2.1}{\376\377\0003\000.\0001\0009\000.\0002\000.\0001\000\040\000Q\000u\000e\000s\000t\000i\000o\000n\000\050\000\051}{subsection.3.19.2}% 126
\BOOKMARK [1][-]{section.3.20}{\376\377\0003\000.\0002\0000\000\040\000R\000e\000a\000d\000E\000x\000c\000e\000p\000t\000i\000o\000n\000\040\000S\000t\000r\000u\000c\000t\000\040\000R\000e\000f\000e\000r\000e\000n\000c\000e}{chapter.3}% 127
\BOOKMARK [2][-]{subsection.3.20.1}{\376\377\0003\000.\0002\0000\000.\0001\000\040\000D\000e\000t\000a\000i\000l\000e\000d\000\040\000D\000e\000s\000c\000r\000i\000p\000t\000i\000o\000n}{section.3.20}% 128
\BOOKMARK [1][-]{section.3.21}{\376\377\0003\000.\0002\0001\000\040\000S\000c\000r\000e\000e\000n\000\040\000C\000l\000a\000s\000s\000\040\000R\000e\000f\000e\000r\000e\000n\000c\000e}{chapter.3}% 129
\BOOKMARK [2][-]{subsection.3.21.1}{\376\377\0003\000.\0002\0001\000.\0001\000\040\000D\000e\000t\000a\000i\000l\000e\000d\000\040\000D\000e\000s\000c\000r\000i\000p\000t\000i\000o\000n}{section.3.21}% 130
\BOOKMARK [2][-]{subsection.3.21.2}{\376\377\0003\000.\0002\0001\000.\0002\000\040\000C\000o\000n\000s\000t\000r\000u\000c\000t\000o\000r\000\040\000\046\000\040\000D\000e\000s\000t\000r\000u\000c\000t\000o\000r\000\040\000D\000o\000c\000u\000m\000e\000n\000t\000a\000t\000i\000o\000n}{section.3.21}% 131
\BOOKMARK [3][-]{subsubsection.3.21.2.1}{\376\377\0003\000.\0002\0001\000.\0002\000.\0001\000\040\000S\000c\000r\000e\000e\000n\000\050\000\051}{subsection.3.21.2}% 132
\BOOKMARK [2][-]{subsection.3.21.3}{\376\377\0003\000.\0002\0001\000.\0003\000\040\000M\000e\000m\000b\000e\000r\000\040\000F\000u\000n\000c\000t\000i\000o\000n\000\040\000D\000o\000c\000u\000m\000e\000n\000t\000a\000t\000i\000o\000n}{section.3.21}% 133
\BOOKMARK [3][-]{subsubsection.3.21.3.1}{\376\377\0003\000.\0002\0001\000.\0003\000.\0001\000\040\000d\000r\000a\000w\000\050\000\051}{subsection.3.21.3}% 134
\BOOKMARK [3][-]{subsubsection.3.21.3.2}{\376\377\0003\000.\0002\0001\000.\0003\000.\0002\000\040\000m\000a\000n\000a\000g\000e\000K\000e\000y\000b\000o\000a\000r\000d\000\050\000\051}{subsection.3.21.3}% 135
\BOOKMARK [3][-]{subsubsection.3.21.3.3}{\376\377\0003\000.\0002\0001\000.\0003\000.\0003\000\040\000m\000a\000n\000a\000g\000e\000M\000o\000u\000s\000e\000\050\000\051}{subsection.3.21.3}% 136
\BOOKMARK [3][-]{subsubsection.3.21.3.4}{\376\377\0003\000.\0002\0001\000.\0003\000.\0004\000\040\000m\000a\000n\000a\000g\000e\000S\000c\000r\000o\000l\000l\000\050\000\051}{subsection.3.21.3}% 137
\BOOKMARK [1][-]{section.3.22}{\376\377\0003\000.\0002\0002\000\040\000S\000e\000t\000t\000i\000n\000g\000s\000C\000o\000n\000t\000a\000i\000n\000e\000r\000\040\000C\000l\000a\000s\000s\000\040\000R\000e\000f\000e\000r\000e\000n\000c\000e}{chapter.3}% 138
\BOOKMARK [2][-]{subsection.3.22.1}{\376\377\0003\000.\0002\0002\000.\0001\000\040\000D\000e\000t\000a\000i\000l\000e\000d\000\040\000D\000e\000s\000c\000r\000i\000p\000t\000i\000o\000n}{section.3.22}% 139
\BOOKMARK [2][-]{subsection.3.22.2}{\376\377\0003\000.\0002\0002\000.\0002\000\040\000M\000e\000m\000b\000e\000r\000\040\000F\000u\000n\000c\000t\000i\000o\000n\000\040\000D\000o\000c\000u\000m\000e\000n\000t\000a\000t\000i\000o\000n}{section.3.22}% 140
\BOOKMARK [3][-]{subsubsection.3.22.2.1}{\376\377\0003\000.\0002\0002\000.\0002\000.\0001\000\040\000c\000o\000l\000o\000r\000F\000r\000o\000m\000S\000t\000r\000i\000n\000g\000\050\000\051}{subsection.3.22.2}% 141
\BOOKMARK [3][-]{subsubsection.3.22.2.2}{\376\377\0003\000.\0002\0002\000.\0002\000.\0002\000\040\000g\000e\000t\000B\000o\000t\000n\000a\000m\000e\000\050\000\051}{subsection.3.22.2}% 142
\BOOKMARK [3][-]{subsubsection.3.22.2.3}{\376\377\0003\000.\0002\0002\000.\0002\000.\0003\000\040\000g\000e\000t\000F\000o\000n\000t\000\050\000\051}{subsection.3.22.2}% 143
\BOOKMARK [3][-]{subsubsection.3.22.2.4}{\376\377\0003\000.\0002\0002\000.\0002\000.\0004\000\040\000g\000e\000t\000R\000n\000d\000I\000n\000t\000I\000n\000R\000a\000n\000g\000e\000\050\000\051}{subsection.3.22.2}% 144
\BOOKMARK [3][-]{subsubsection.3.22.2.5}{\376\377\0003\000.\0002\0002\000.\0002\000.\0005\000\040\000g\000e\000t\000S\000e\000s\000s\000i\000o\000n\000F\000i\000l\000e\000\050\000\051}{subsection.3.22.2}% 145
\BOOKMARK [3][-]{subsubsection.3.22.2.6}{\376\377\0003\000.\0002\0002\000.\0002\000.\0006\000\040\000g\000e\000t\000U\000s\000e\000r\000n\000a\000m\000e\000\050\000\051}{subsection.3.22.2}% 146
\BOOKMARK [3][-]{subsubsection.3.22.2.7}{\376\377\0003\000.\0002\0002\000.\0002\000.\0007\000\040\000i\000n\000i\000t\000s\000A\000v\000a\000t\000a\000r\000F\000r\000o\000n\000t\000\050\000\051}{subsection.3.22.2}% 147
\BOOKMARK [3][-]{subsubsection.3.22.2.8}{\376\377\0003\000.\0002\0002\000.\0002\000.\0008\000\040\000i\000n\000i\000t\000s\000B\000u\000t\000t\000o\000n\000F\000r\000o\000n\000t\000\050\000\051}{subsection.3.22.2}% 148
\BOOKMARK [3][-]{subsubsection.3.22.2.9}{\376\377\0003\000.\0002\0002\000.\0002\000.\0009\000\040\000i\000n\000i\000t\000s\000F\000i\000e\000l\000d\000F\000r\000o\000n\000t\000\050\000\051}{subsection.3.22.2}% 149
\BOOKMARK [3][-]{subsubsection.3.22.2.10}{\376\377\0003\000.\0002\0002\000.\0002\000.\0001\0000\000\040\000i\000n\000i\000t\000s\000S\000P\000F\000r\000o\000n\000t\000\050\000\051}{subsection.3.22.2}% 150
\BOOKMARK [3][-]{subsubsection.3.22.2.11}{\376\377\0003\000.\0002\0002\000.\0002\000.\0001\0001\000\040\000r\000e\000a\000d\000A\000v\000a\000t\000a\000r\000I\000n\000i\000t\000i\000a\000l\000i\000z\000a\000t\000i\000o\000n\000F\000i\000l\000e\000\050\000\051}{subsection.3.22.2}% 151
\BOOKMARK [3][-]{subsubsection.3.22.2.12}{\376\377\0003\000.\0002\0002\000.\0002\000.\0001\0002\000\040\000r\000e\000a\000d\000B\000u\000t\000t\000o\000n\000I\000n\000i\000t\000i\000a\000l\000i\000z\000a\000t\000i\000o\000n\000F\000i\000l\000e\000\050\000\051}{subsection.3.22.2}% 152
\BOOKMARK [3][-]{subsubsection.3.22.2.13}{\376\377\0003\000.\0002\0002\000.\0002\000.\0001\0003\000\040\000r\000e\000a\000d\000F\000i\000e\000l\000d\000I\000n\000i\000t\000i\000a\000l\000i\000z\000a\000t\000i\000o\000n\000F\000i\000l\000e\000\050\000\051}{subsection.3.22.2}% 153
\BOOKMARK [3][-]{subsubsection.3.22.2.14}{\376\377\0003\000.\0002\0002\000.\0002\000.\0001\0004\000\040\000r\000e\000a\000d\000S\000p\000e\000e\000c\000h\000B\000a\000l\000l\000o\000o\000n\000I\000n\000i\000t\000i\000a\000l\000i\000z\000a\000t\000i\000o\000n\000F\000i\000l\000e\000\050\000\051}{subsection.3.22.2}% 154
\BOOKMARK [3][-]{subsubsection.3.22.2.15}{\376\377\0003\000.\0002\0002\000.\0002\000.\0001\0005\000\040\000s\000e\000t\000B\000o\000t\000n\000a\000m\000e\000\050\000\051}{subsection.3.22.2}% 155
\BOOKMARK [3][-]{subsubsection.3.22.2.16}{\376\377\0003\000.\0002\0002\000.\0002\000.\0001\0006\000\040\000s\000e\000t\000F\000o\000n\000t\000\050\000\051}{subsection.3.22.2}% 156
\BOOKMARK [3][-]{subsubsection.3.22.2.17}{\376\377\0003\000.\0002\0002\000.\0002\000.\0001\0007\000\040\000s\000e\000t\000S\000e\000s\000s\000i\000o\000n\000F\000i\000l\000e\000\050\000\051}{subsection.3.22.2}% 157
\BOOKMARK [3][-]{subsubsection.3.22.2.18}{\376\377\0003\000.\0002\0002\000.\0002\000.\0001\0008\000\040\000s\000e\000t\000U\000s\000e\000r\000n\000a\000m\000e\000\050\000\051}{subsection.3.22.2}% 158
\BOOKMARK [1][-]{section.3.23}{\376\377\0003\000.\0002\0003\000\040\000S\000e\000t\000t\000i\000n\000g\000s\000S\000c\000r\000e\000e\000n\000\040\000C\000l\000a\000s\000s\000\040\000R\000e\000f\000e\000r\000e\000n\000c\000e}{chapter.3}% 159
\BOOKMARK [1][-]{section.3.24}{\376\377\0003\000.\0002\0004\000\040\000S\000e\000t\000u\000p\000S\000c\000r\000e\000e\000n\000\040\000C\000l\000a\000s\000s\000\040\000R\000e\000f\000e\000r\000e\000n\000c\000e}{chapter.3}% 160
\BOOKMARK [2][-]{subsection.3.24.1}{\376\377\0003\000.\0002\0004\000.\0001\000\040\000D\000e\000t\000a\000i\000l\000e\000d\000\040\000D\000e\000s\000c\000r\000i\000p\000t\000i\000o\000n}{section.3.24}% 161
\BOOKMARK [2][-]{subsection.3.24.2}{\376\377\0003\000.\0002\0004\000.\0002\000\040\000C\000o\000n\000s\000t\000r\000u\000c\000t\000o\000r\000\040\000\046\000\040\000D\000e\000s\000t\000r\000u\000c\000t\000o\000r\000\040\000D\000o\000c\000u\000m\000e\000n\000t\000a\000t\000i\000o\000n}{section.3.24}% 162
\BOOKMARK [3][-]{subsubsection.3.24.2.1}{\376\377\0003\000.\0002\0004\000.\0002\000.\0001\000\040\000S\000e\000t\000u\000p\000S\000c\000r\000e\000e\000n\000\050\000\051}{subsection.3.24.2}% 163
\BOOKMARK [2][-]{subsection.3.24.3}{\376\377\0003\000.\0002\0004\000.\0003\000\040\000M\000e\000m\000b\000e\000r\000\040\000F\000u\000n\000c\000t\000i\000o\000n\000\040\000D\000o\000c\000u\000m\000e\000n\000t\000a\000t\000i\000o\000n}{section.3.24}% 164
\BOOKMARK [3][-]{subsubsection.3.24.3.1}{\376\377\0003\000.\0002\0004\000.\0003\000.\0001\000\040\000d\000r\000a\000w\000\050\000\051}{subsection.3.24.3}% 165
\BOOKMARK [3][-]{subsubsection.3.24.3.2}{\376\377\0003\000.\0002\0004\000.\0003\000.\0002\000\040\000g\000e\000t\000I\000n\000s\000t\000a\000n\000c\000e\000\050\000\051}{subsection.3.24.3}% 166
\BOOKMARK [3][-]{subsubsection.3.24.3.3}{\376\377\0003\000.\0002\0004\000.\0003\000.\0003\000\040\000m\000a\000n\000a\000g\000e\000K\000e\000y\000b\000o\000a\000r\000d\000\050\000\051}{subsection.3.24.3}% 167
\BOOKMARK [3][-]{subsubsection.3.24.3.4}{\376\377\0003\000.\0002\0004\000.\0003\000.\0004\000\040\000m\000a\000n\000a\000g\000e\000M\000o\000u\000s\000e\000\050\000\051}{subsection.3.24.3}% 168
\BOOKMARK [3][-]{subsubsection.3.24.3.5}{\376\377\0003\000.\0002\0004\000.\0003\000.\0005\000\040\000m\000a\000n\000a\000g\000e\000S\000c\000r\000o\000l\000l\000\050\000\051}{subsection.3.24.3}% 169
\BOOKMARK [1][-]{section.3.25}{\376\377\0003\000.\0002\0005\000\040\000S\000p\000e\000e\000c\000h\000B\000a\000l\000l\000o\000o\000n\000\040\000C\000l\000a\000s\000s\000\040\000R\000e\000f\000e\000r\000e\000n\000c\000e}{chapter.3}% 170
\BOOKMARK [2][-]{subsection.3.25.1}{\376\377\0003\000.\0002\0005\000.\0001\000\040\000D\000e\000t\000a\000i\000l\000e\000d\000\040\000D\000e\000s\000c\000r\000i\000p\000t\000i\000o\000n}{section.3.25}% 171
\BOOKMARK [2][-]{subsection.3.25.2}{\376\377\0003\000.\0002\0005\000.\0002\000\040\000C\000o\000n\000s\000t\000r\000u\000c\000t\000o\000r\000\040\000\046\000\040\000D\000e\000s\000t\000r\000u\000c\000t\000o\000r\000\040\000D\000o\000c\000u\000m\000e\000n\000t\000a\000t\000i\000o\000n}{section.3.25}% 172
\BOOKMARK [3][-]{subsubsection.3.25.2.1}{\376\377\0003\000.\0002\0005\000.\0002\000.\0001\000\040\000S\000p\000e\000e\000c\000h\000B\000a\000l\000l\000o\000o\000n\000\050\000\051}{subsection.3.25.2}% 173
\BOOKMARK [2][-]{subsection.3.25.3}{\376\377\0003\000.\0002\0005\000.\0003\000\040\000M\000e\000m\000b\000e\000r\000\040\000F\000u\000n\000c\000t\000i\000o\000n\000\040\000D\000o\000c\000u\000m\000e\000n\000t\000a\000t\000i\000o\000n}{section.3.25}% 174
\BOOKMARK [3][-]{subsubsection.3.25.3.1}{\376\377\0003\000.\0002\0005\000.\0003\000.\0001\000\040\000d\000r\000a\000w\000\050\000\051}{subsection.3.25.3}% 175
\BOOKMARK [3][-]{subsubsection.3.25.3.2}{\376\377\0003\000.\0002\0005\000.\0003\000.\0002\000\040\000f\000i\000l\000l\000B\000a\000l\000l\000o\000o\000n\000\050\000\051}{subsection.3.25.3}% 176
\BOOKMARK [1][-]{section.3.26}{\376\377\0003\000.\0002\0006\000\040\000S\000p\000e\000e\000c\000h\000B\000a\000l\000l\000o\000o\000n\000I\000n\000i\000t\000i\000a\000l\000i\000z\000e\000r\000\040\000S\000t\000r\000u\000c\000t\000\040\000R\000e\000f\000e\000r\000e\000n\000c\000e}{chapter.3}% 177
\BOOKMARK [2][-]{subsection.3.26.1}{\376\377\0003\000.\0002\0006\000.\0001\000\040\000D\000e\000t\000a\000i\000l\000e\000d\000\040\000D\000e\000s\000c\000r\000i\000p\000t\000i\000o\000n}{section.3.26}% 178
\BOOKMARK [1][-]{section.3.27}{\376\377\0003\000.\0002\0007\000\040\000U\000I\000\040\000C\000l\000a\000s\000s\000\040\000R\000e\000f\000e\000r\000e\000n\000c\000e}{chapter.3}% 179
\BOOKMARK [2][-]{subsection.3.27.1}{\376\377\0003\000.\0002\0007\000.\0001\000\040\000D\000e\000t\000a\000i\000l\000e\000d\000\040\000D\000e\000s\000c\000r\000i\000p\000t\000i\000o\000n}{section.3.27}% 180
\BOOKMARK [2][-]{subsection.3.27.2}{\376\377\0003\000.\0002\0007\000.\0002\000\040\000C\000o\000n\000s\000t\000r\000u\000c\000t\000o\000r\000\040\000\046\000\040\000D\000e\000s\000t\000r\000u\000c\000t\000o\000r\000\040\000D\000o\000c\000u\000m\000e\000n\000t\000a\000t\000i\000o\000n}{section.3.27}% 181
\BOOKMARK [3][-]{subsubsection.3.27.2.1}{\376\377\0003\000.\0002\0007\000.\0002\000.\0001\000\040\000U\000I\000\050\000\051}{subsection.3.27.2}% 182
\BOOKMARK [2][-]{subsection.3.27.3}{\376\377\0003\000.\0002\0007\000.\0003\000\040\000M\000e\000m\000b\000e\000r\000\040\000F\000u\000n\000c\000t\000i\000o\000n\000\040\000D\000o\000c\000u\000m\000e\000n\000t\000a\000t\000i\000o\000n}{section.3.27}% 183
\BOOKMARK [3][-]{subsubsection.3.27.3.1}{\376\377\0003\000.\0002\0007\000.\0003\000.\0001\000\040\000c\000h\000a\000n\000g\000e\000S\000t\000a\000t\000e\000\050\000\051}{subsection.3.27.3}% 184
\BOOKMARK [3][-]{subsubsection.3.27.3.2}{\376\377\0003\000.\0002\0007\000.\0003\000.\0002\000\040\000m\000a\000n\000a\000g\000e\000K\000e\000y\000b\000o\000a\000r\000d\000\050\000\051}{subsection.3.27.3}% 185
\BOOKMARK [3][-]{subsubsection.3.27.3.3}{\376\377\0003\000.\0002\0007\000.\0003\000.\0003\000\040\000m\000a\000n\000a\000g\000e\000M\000o\000u\000s\000e\000\050\000\051}{subsection.3.27.3}% 186
\BOOKMARK [3][-]{subsubsection.3.27.3.4}{\376\377\0003\000.\0002\0007\000.\0003\000.\0004\000\040\000m\000a\000n\000a\000g\000e\000S\000c\000r\000o\000l\000l\000\050\000\051}{subsection.3.27.3}% 187
\BOOKMARK [0][-]{section*.88}{\376\377\000I\000n\000d\000e\000x}{}% 188
